{"message":"::1 - - [26/May/2021:19:42:33 +0000] \"GET /assets/toolbar/spray.svg HTTP/1.1\" 304 - \"http://localhost:4000/d/7edfcfcd-5971-4e0c-afdc-a22906e4a7de\" \"Mozilla/5.0 (Windows NT 10.0; Win64; x64) AppleWebKit/537.36 (KHTML, like Gecko) Chrome/90.0.4430.212 Safari/537.36\"\n","level":"info"}
{"message":"::1 - - [26/May/2021:19:42:33 +0000] \"GET /assets/toolbar/circle.svg HTTP/1.1\" 304 - \"http://localhost:4000/d/7edfcfcd-5971-4e0c-afdc-a22906e4a7de\" \"Mozilla/5.0 (Windows NT 10.0; Win64; x64) AppleWebKit/537.36 (KHTML, like Gecko) Chrome/90.0.4430.212 Safari/537.36\"\n","level":"info"}
{"message":"::1 - - [26/May/2021:19:42:33 +0000] \"GET /d/dload/0 HTTP/1.1\" 200 - \"http://localhost:4000/d/7edfcfcd-5971-4e0c-afdc-a22906e4a7de\" \"Mozilla/5.0 (Windows NT 10.0; Win64; x64) AppleWebKit/537.36 (KHTML, like Gecko) Chrome/90.0.4430.212 Safari/537.36\"\n","level":"info"}
{"message":"::1 - - [26/May/2021:19:42:33 +0000] \"GET /favicon.ico HTTP/1.1\" 302 24 \"http://localhost:4000/d/7edfcfcd-5971-4e0c-afdc-a22906e4a7de\" \"Mozilla/5.0 (Windows NT 10.0; Win64; x64) AppleWebKit/537.36 (KHTML, like Gecko) Chrome/90.0.4430.212 Safari/537.36\"\n","level":"info"}
{"message":"::1 - - [26/May/2021:19:42:33 +0000] \"GET /d HTTP/1.1\" 304 - \"http://localhost:4000/d/7edfcfcd-5971-4e0c-afdc-a22906e4a7de\" \"Mozilla/5.0 (Windows NT 10.0; Win64; x64) AppleWebKit/537.36 (KHTML, like Gecko) Chrome/90.0.4430.212 Safari/537.36\"\n","level":"info"}
{"message":"::1 - - [26/May/2021:19:42:34 +0000] \"POST /d/upload/0 HTTP/1.1\" - - \"http://localhost:4000/d/7edfcfcd-5971-4e0c-afdc-a22906e4a7de\" \"Mozilla/5.0 (Windows NT 10.0; Win64; x64) AppleWebKit/537.36 (KHTML, like Gecko) Chrome/90.0.4430.212 Safari/537.36\"\n","level":"info"}
{"message":"::1 - - [26/May/2021:19:42:34 +0000] \"GET /favicon.ico HTTP/1.1\" 302 24 \"http://localhost:4000/d\" \"Mozilla/5.0 (Windows NT 10.0; Win64; x64) AppleWebKit/537.36 (KHTML, like Gecko) Chrome/90.0.4430.212 Safari/537.36\"\n","level":"info"}
{"message":"::1 - - [26/May/2021:19:42:34 +0000] \"GET /d HTTP/1.1\" 304 - \"http://localhost:4000/d\" \"Mozilla/5.0 (Windows NT 10.0; Win64; x64) AppleWebKit/537.36 (KHTML, like Gecko) Chrome/90.0.4430.212 Safari/537.36\"\n","level":"info"}
{"message":"::1 - - [26/May/2021:19:42:53 +0000] \"GET /d/7edfcfcd-5971-4e0c-afdc-a22906e4a7de HTTP/1.1\" 304 - \"http://localhost:4000/d\" \"Mozilla/5.0 (Windows NT 10.0; Win64; x64) AppleWebKit/537.36 (KHTML, like Gecko) Chrome/90.0.4430.212 Safari/537.36\"\n","level":"info"}
{"message":"::1 - - [26/May/2021:19:42:53 +0000] \"GET /styles/genStyles.css HTTP/1.1\" 304 - \"http://localhost:4000/d/7edfcfcd-5971-4e0c-afdc-a22906e4a7de\" \"Mozilla/5.0 (Windows NT 10.0; Win64; x64) AppleWebKit/537.36 (KHTML, like Gecko) Chrome/90.0.4430.212 Safari/537.36\"\n","level":"info"}
{"message":"::1 - - [26/May/2021:19:42:53 +0000] \"GET /styles/studio.css HTTP/1.1\" 304 - \"http://localhost:4000/d/7edfcfcd-5971-4e0c-afdc-a22906e4a7de\" \"Mozilla/5.0 (Windows NT 10.0; Win64; x64) AppleWebKit/537.36 (KHTML, like Gecko) Chrome/90.0.4430.212 Safari/537.36\"\n","level":"info"}
{"message":"::1 - - [26/May/2021:19:42:53 +0000] \"GET /scripts/clientSocket.js HTTP/1.1\" 304 - \"http://localhost:4000/d/7edfcfcd-5971-4e0c-afdc-a22906e4a7de\" \"Mozilla/5.0 (Windows NT 10.0; Win64; x64) AppleWebKit/537.36 (KHTML, like Gecko) Chrome/90.0.4430.212 Safari/537.36\"\n","level":"info"}
{"message":"::1 - - [26/May/2021:19:42:53 +0000] \"GET /scripts/canvas.js HTTP/1.1\" 304 - \"http://localhost:4000/d/7edfcfcd-5971-4e0c-afdc-a22906e4a7de\" \"Mozilla/5.0 (Windows NT 10.0; Win64; x64) AppleWebKit/537.36 (KHTML, like Gecko) Chrome/90.0.4430.212 Safari/537.36\"\n","level":"info"}
{"message":"::1 - - [26/May/2021:19:42:53 +0000] \"GET /assets/toolbar/pencil.svg HTTP/1.1\" 304 - \"http://localhost:4000/d/7edfcfcd-5971-4e0c-afdc-a22906e4a7de\" \"Mozilla/5.0 (Windows NT 10.0; Win64; x64) AppleWebKit/537.36 (KHTML, like Gecko) Chrome/90.0.4430.212 Safari/537.36\"\n","level":"info"}
{"message":"::1 - - [26/May/2021:19:42:53 +0000] \"GET /assets/Logo.jpg HTTP/1.1\" 304 - \"http://localhost:4000/d/7edfcfcd-5971-4e0c-afdc-a22906e4a7de\" \"Mozilla/5.0 (Windows NT 10.0; Win64; x64) AppleWebKit/537.36 (KHTML, like Gecko) Chrome/90.0.4430.212 Safari/537.36\"\n","level":"info"}
{"message":"::1 - - [26/May/2021:19:42:53 +0000] \"GET /assets/toolbar/pointer-on.svg HTTP/1.1\" 304 - \"http://localhost:4000/d/7edfcfcd-5971-4e0c-afdc-a22906e4a7de\" \"Mozilla/5.0 (Windows NT 10.0; Win64; x64) AppleWebKit/537.36 (KHTML, like Gecko) Chrome/90.0.4430.212 Safari/537.36\"\n","level":"info"}
{"message":"::1 - - [26/May/2021:19:42:53 +0000] \"GET /assets/toolbar/rectangle.svg HTTP/1.1\" 304 - \"http://localhost:4000/d/7edfcfcd-5971-4e0c-afdc-a22906e4a7de\" \"Mozilla/5.0 (Windows NT 10.0; Win64; x64) AppleWebKit/537.36 (KHTML, like Gecko) Chrome/90.0.4430.212 Safari/537.36\"\n","level":"info"}
{"message":"::1 - - [26/May/2021:19:42:53 +0000] \"GET /assets/toolbar/undo.svg HTTP/1.1\" 304 - \"http://localhost:4000/d/7edfcfcd-5971-4e0c-afdc-a22906e4a7de\" \"Mozilla/5.0 (Windows NT 10.0; Win64; x64) AppleWebKit/537.36 (KHTML, like Gecko) Chrome/90.0.4430.212 Safari/537.36\"\n","level":"info"}
{"message":"::1 - - [26/May/2021:19:42:53 +0000] \"GET /assets/toolbar/triangle.svg HTTP/1.1\" 304 - \"http://localhost:4000/d/7edfcfcd-5971-4e0c-afdc-a22906e4a7de\" \"Mozilla/5.0 (Windows NT 10.0; Win64; x64) AppleWebKit/537.36 (KHTML, like Gecko) Chrome/90.0.4430.212 Safari/537.36\"\n","level":"info"}
{"message":"::1 - - [26/May/2021:19:42:53 +0000] \"GET /assets/toolbar/bucket.svg HTTP/1.1\" 304 - \"http://localhost:4000/d/7edfcfcd-5971-4e0c-afdc-a22906e4a7de\" \"Mozilla/5.0 (Windows NT 10.0; Win64; x64) AppleWebKit/537.36 (KHTML, like Gecko) Chrome/90.0.4430.212 Safari/537.36\"\n","level":"info"}
{"message":"::1 - - [26/May/2021:19:42:53 +0000] \"GET /assets/toolbar/spray.svg HTTP/1.1\" 304 - \"http://localhost:4000/d/7edfcfcd-5971-4e0c-afdc-a22906e4a7de\" \"Mozilla/5.0 (Windows NT 10.0; Win64; x64) AppleWebKit/537.36 (KHTML, like Gecko) Chrome/90.0.4430.212 Safari/537.36\"\n","level":"info"}
{"message":"::1 - - [26/May/2021:19:42:53 +0000] \"GET /assets/toolbar/circle.svg HTTP/1.1\" 304 - \"http://localhost:4000/d/7edfcfcd-5971-4e0c-afdc-a22906e4a7de\" \"Mozilla/5.0 (Windows NT 10.0; Win64; x64) AppleWebKit/537.36 (KHTML, like Gecko) Chrome/90.0.4430.212 Safari/537.36\"\n","level":"info"}
{"message":"::1 - - [26/May/2021:19:42:53 +0000] \"GET /d/dload/0 HTTP/1.1\" 200 - \"http://localhost:4000/d/7edfcfcd-5971-4e0c-afdc-a22906e4a7de\" \"Mozilla/5.0 (Windows NT 10.0; Win64; x64) AppleWebKit/537.36 (KHTML, like Gecko) Chrome/90.0.4430.212 Safari/537.36\"\n","level":"info"}
{"message":"::1 - - [26/May/2021:19:42:53 +0000] \"GET /favicon.ico HTTP/1.1\" 302 24 \"http://localhost:4000/d/7edfcfcd-5971-4e0c-afdc-a22906e4a7de\" \"Mozilla/5.0 (Windows NT 10.0; Win64; x64) AppleWebKit/537.36 (KHTML, like Gecko) Chrome/90.0.4430.212 Safari/537.36\"\n","level":"info"}
{"message":"::1 - - [26/May/2021:19:42:53 +0000] \"GET /d HTTP/1.1\" 304 - \"http://localhost:4000/d/7edfcfcd-5971-4e0c-afdc-a22906e4a7de\" \"Mozilla/5.0 (Windows NT 10.0; Win64; x64) AppleWebKit/537.36 (KHTML, like Gecko) Chrome/90.0.4430.212 Safari/537.36\"\n","level":"info"}
{"message":"::1 - - [26/May/2021:19:42:54 +0000] \"GET /d HTTP/1.1\" 304 - \"http://localhost:4000/d/7edfcfcd-5971-4e0c-afdc-a22906e4a7de\" \"Mozilla/5.0 (Windows NT 10.0; Win64; x64) AppleWebKit/537.36 (KHTML, like Gecko) Chrome/90.0.4430.212 Safari/537.36\"\n","level":"info"}
{"message":"::1 - - [26/May/2021:19:42:54 +0000] \"POST /d/upload/0 HTTP/1.1\" - - \"http://localhost:4000/d/7edfcfcd-5971-4e0c-afdc-a22906e4a7de\" \"Mozilla/5.0 (Windows NT 10.0; Win64; x64) AppleWebKit/537.36 (KHTML, like Gecko) Chrome/90.0.4430.212 Safari/537.36\"\n","level":"info"}
{"message":"::1 - - [26/May/2021:19:42:55 +0000] \"GET /styles/genStyles.css HTTP/1.1\" 304 - \"http://localhost:4000/d\" \"Mozilla/5.0 (Windows NT 10.0; Win64; x64) AppleWebKit/537.36 (KHTML, like Gecko) Chrome/90.0.4430.212 Safari/537.36\"\n","level":"info"}
{"message":"::1 - - [26/May/2021:19:42:55 +0000] \"GET /styles/drawings.css HTTP/1.1\" 304 - \"http://localhost:4000/d\" \"Mozilla/5.0 (Windows NT 10.0; Win64; x64) AppleWebKit/537.36 (KHTML, like Gecko) Chrome/90.0.4430.212 Safari/537.36\"\n","level":"info"}
{"message":"::1 - - [26/May/2021:19:42:55 +0000] \"GET /assets/Logo.jpg HTTP/1.1\" 304 - \"http://localhost:4000/d\" \"Mozilla/5.0 (Windows NT 10.0; Win64; x64) AppleWebKit/537.36 (KHTML, like Gecko) Chrome/90.0.4430.212 Safari/537.36\"\n","level":"info"}
{"message":"::1 - - [26/May/2021:19:42:55 +0000] \"GET /favicon.ico HTTP/1.1\" 302 24 \"http://localhost:4000/d\" \"Mozilla/5.0 (Windows NT 10.0; Win64; x64) AppleWebKit/537.36 (KHTML, like Gecko) Chrome/90.0.4430.212 Safari/537.36\"\n","level":"info"}
{"message":"::1 - - [26/May/2021:19:42:55 +0000] \"GET /d HTTP/1.1\" 304 - \"http://localhost:4000/d\" \"Mozilla/5.0 (Windows NT 10.0; Win64; x64) AppleWebKit/537.36 (KHTML, like Gecko) Chrome/90.0.4430.212 Safari/537.36\"\n","level":"info"}
{"message":"::1 - - [26/May/2021:19:42:55 +0000] \"GET /d/7edfcfcd-5971-4e0c-afdc-a22906e4a7de HTTP/1.1\" 304 - \"http://localhost:4000/d\" \"Mozilla/5.0 (Windows NT 10.0; Win64; x64) AppleWebKit/537.36 (KHTML, like Gecko) Chrome/90.0.4430.212 Safari/537.36\"\n","level":"info"}
{"message":"::1 - - [26/May/2021:19:42:55 +0000] \"GET /styles/genStyles.css HTTP/1.1\" 304 - \"http://localhost:4000/d/7edfcfcd-5971-4e0c-afdc-a22906e4a7de\" \"Mozilla/5.0 (Windows NT 10.0; Win64; x64) AppleWebKit/537.36 (KHTML, like Gecko) Chrome/90.0.4430.212 Safari/537.36\"\n","level":"info"}
{"message":"::1 - - [26/May/2021:19:42:55 +0000] \"GET /styles/studio.css HTTP/1.1\" 304 - \"http://localhost:4000/d/7edfcfcd-5971-4e0c-afdc-a22906e4a7de\" \"Mozilla/5.0 (Windows NT 10.0; Win64; x64) AppleWebKit/537.36 (KHTML, like Gecko) Chrome/90.0.4430.212 Safari/537.36\"\n","level":"info"}
{"message":"::1 - - [26/May/2021:19:42:55 +0000] \"GET /scripts/clientSocket.js HTTP/1.1\" 304 - \"http://localhost:4000/d/7edfcfcd-5971-4e0c-afdc-a22906e4a7de\" \"Mozilla/5.0 (Windows NT 10.0; Win64; x64) AppleWebKit/537.36 (KHTML, like Gecko) Chrome/90.0.4430.212 Safari/537.36\"\n","level":"info"}
{"message":"::1 - - [26/May/2021:19:42:55 +0000] \"GET /scripts/canvas.js HTTP/1.1\" 304 - \"http://localhost:4000/d/7edfcfcd-5971-4e0c-afdc-a22906e4a7de\" \"Mozilla/5.0 (Windows NT 10.0; Win64; x64) AppleWebKit/537.36 (KHTML, like Gecko) Chrome/90.0.4430.212 Safari/537.36\"\n","level":"info"}
{"message":"::1 - - [26/May/2021:19:42:55 +0000] \"GET /assets/Logo.jpg HTTP/1.1\" 304 - \"http://localhost:4000/d/7edfcfcd-5971-4e0c-afdc-a22906e4a7de\" \"Mozilla/5.0 (Windows NT 10.0; Win64; x64) AppleWebKit/537.36 (KHTML, like Gecko) Chrome/90.0.4430.212 Safari/537.36\"\n","level":"info"}
{"message":"::1 - - [26/May/2021:19:42:55 +0000] \"GET /assets/toolbar/pointer-on.svg HTTP/1.1\" 304 - \"http://localhost:4000/d/7edfcfcd-5971-4e0c-afdc-a22906e4a7de\" \"Mozilla/5.0 (Windows NT 10.0; Win64; x64) AppleWebKit/537.36 (KHTML, like Gecko) Chrome/90.0.4430.212 Safari/537.36\"\n","level":"info"}
{"message":"::1 - - [26/May/2021:19:42:55 +0000] \"GET /assets/toolbar/pencil.svg HTTP/1.1\" 304 - \"http://localhost:4000/d/7edfcfcd-5971-4e0c-afdc-a22906e4a7de\" \"Mozilla/5.0 (Windows NT 10.0; Win64; x64) AppleWebKit/537.36 (KHTML, like Gecko) Chrome/90.0.4430.212 Safari/537.36\"\n","level":"info"}
{"message":"::1 - - [26/May/2021:19:42:55 +0000] \"GET /assets/toolbar/rectangle.svg HTTP/1.1\" 304 - \"http://localhost:4000/d/7edfcfcd-5971-4e0c-afdc-a22906e4a7de\" \"Mozilla/5.0 (Windows NT 10.0; Win64; x64) AppleWebKit/537.36 (KHTML, like Gecko) Chrome/90.0.4430.212 Safari/537.36\"\n","level":"info"}
{"message":"::1 - - [26/May/2021:19:42:55 +0000] \"GET /assets/toolbar/undo.svg HTTP/1.1\" 304 - \"http://localhost:4000/d/7edfcfcd-5971-4e0c-afdc-a22906e4a7de\" \"Mozilla/5.0 (Windows NT 10.0; Win64; x64) AppleWebKit/537.36 (KHTML, like Gecko) Chrome/90.0.4430.212 Safari/537.36\"\n","level":"info"}
{"message":"::1 - - [26/May/2021:19:42:55 +0000] \"GET /assets/toolbar/triangle.svg HTTP/1.1\" 304 - \"http://localhost:4000/d/7edfcfcd-5971-4e0c-afdc-a22906e4a7de\" \"Mozilla/5.0 (Windows NT 10.0; Win64; x64) AppleWebKit/537.36 (KHTML, like Gecko) Chrome/90.0.4430.212 Safari/537.36\"\n","level":"info"}
{"message":"::1 - - [26/May/2021:19:42:55 +0000] \"GET /assets/toolbar/bucket.svg HTTP/1.1\" 304 - \"http://localhost:4000/d/7edfcfcd-5971-4e0c-afdc-a22906e4a7de\" \"Mozilla/5.0 (Windows NT 10.0; Win64; x64) AppleWebKit/537.36 (KHTML, like Gecko) Chrome/90.0.4430.212 Safari/537.36\"\n","level":"info"}
{"message":"::1 - - [26/May/2021:19:42:55 +0000] \"GET /assets/toolbar/spray.svg HTTP/1.1\" 304 - \"http://localhost:4000/d/7edfcfcd-5971-4e0c-afdc-a22906e4a7de\" \"Mozilla/5.0 (Windows NT 10.0; Win64; x64) AppleWebKit/537.36 (KHTML, like Gecko) Chrome/90.0.4430.212 Safari/537.36\"\n","level":"info"}
{"message":"::1 - - [26/May/2021:19:42:55 +0000] \"GET /assets/toolbar/circle.svg HTTP/1.1\" 304 - \"http://localhost:4000/d/7edfcfcd-5971-4e0c-afdc-a22906e4a7de\" \"Mozilla/5.0 (Windows NT 10.0; Win64; x64) AppleWebKit/537.36 (KHTML, like Gecko) Chrome/90.0.4430.212 Safari/537.36\"\n","level":"info"}
{"message":"::1 - - [26/May/2021:19:42:55 +0000] \"GET /d/dload/0 HTTP/1.1\" 200 - \"http://localhost:4000/d/7edfcfcd-5971-4e0c-afdc-a22906e4a7de\" \"Mozilla/5.0 (Windows NT 10.0; Win64; x64) AppleWebKit/537.36 (KHTML, like Gecko) Chrome/90.0.4430.212 Safari/537.36\"\n","level":"info"}
{"message":"::1 - - [26/May/2021:19:42:55 +0000] \"GET /favicon.ico HTTP/1.1\" 302 24 \"http://localhost:4000/d/7edfcfcd-5971-4e0c-afdc-a22906e4a7de\" \"Mozilla/5.0 (Windows NT 10.0; Win64; x64) AppleWebKit/537.36 (KHTML, like Gecko) Chrome/90.0.4430.212 Safari/537.36\"\n","level":"info"}
{"message":"::1 - - [26/May/2021:19:42:55 +0000] \"GET /d HTTP/1.1\" 304 - \"http://localhost:4000/d/7edfcfcd-5971-4e0c-afdc-a22906e4a7de\" \"Mozilla/5.0 (Windows NT 10.0; Win64; x64) AppleWebKit/537.36 (KHTML, like Gecko) Chrome/90.0.4430.212 Safari/537.36\"\n","level":"info"}
{"message":"::1 - - [26/May/2021:19:43:03 +0000] \"GET /d/7edfcfcd-5971-4e0c-afdc-a22906e4a7de HTTP/1.1\" 304 - \"http://localhost:4000/d/7edfcfcd-5971-4e0c-afdc-a22906e4a7de\" \"Mozilla/5.0 (Windows NT 10.0; Win64; x64) AppleWebKit/537.36 (KHTML, like Gecko) Chrome/90.0.4430.212 Safari/537.36\"\n","level":"info"}
{"message":"::1 - - [26/May/2021:19:43:03 +0000] \"POST /d/upload/0 HTTP/1.1\" - - \"http://localhost:4000/d/7edfcfcd-5971-4e0c-afdc-a22906e4a7de\" \"Mozilla/5.0 (Windows NT 10.0; Win64; x64) AppleWebKit/537.36 (KHTML, like Gecko) Chrome/90.0.4430.212 Safari/537.36\"\n","level":"info"}
{"message":"::1 - - [26/May/2021:19:43:03 +0000] \"GET /styles/genStyles.css HTTP/1.1\" 304 - \"http://localhost:4000/d/7edfcfcd-5971-4e0c-afdc-a22906e4a7de\" \"Mozilla/5.0 (Windows NT 10.0; Win64; x64) AppleWebKit/537.36 (KHTML, like Gecko) Chrome/90.0.4430.212 Safari/537.36\"\n","level":"info"}
{"message":"::1 - - [26/May/2021:19:43:03 +0000] \"GET /styles/studio.css HTTP/1.1\" 304 - \"http://localhost:4000/d/7edfcfcd-5971-4e0c-afdc-a22906e4a7de\" \"Mozilla/5.0 (Windows NT 10.0; Win64; x64) AppleWebKit/537.36 (KHTML, like Gecko) Chrome/90.0.4430.212 Safari/537.36\"\n","level":"info"}
{"message":"::1 - - [26/May/2021:19:43:03 +0000] \"GET /scripts/clientSocket.js HTTP/1.1\" 304 - \"http://localhost:4000/d/7edfcfcd-5971-4e0c-afdc-a22906e4a7de\" \"Mozilla/5.0 (Windows NT 10.0; Win64; x64) AppleWebKit/537.36 (KHTML, like Gecko) Chrome/90.0.4430.212 Safari/537.36\"\n","level":"info"}
{"message":"::1 - - [26/May/2021:19:43:03 +0000] \"GET /scripts/canvas.js HTTP/1.1\" 304 - \"http://localhost:4000/d/7edfcfcd-5971-4e0c-afdc-a22906e4a7de\" \"Mozilla/5.0 (Windows NT 10.0; Win64; x64) AppleWebKit/537.36 (KHTML, like Gecko) Chrome/90.0.4430.212 Safari/537.36\"\n","level":"info"}
{"message":"::1 - - [26/May/2021:19:43:03 +0000] \"GET /assets/Logo.jpg HTTP/1.1\" 304 - \"http://localhost:4000/d/7edfcfcd-5971-4e0c-afdc-a22906e4a7de\" \"Mozilla/5.0 (Windows NT 10.0; Win64; x64) AppleWebKit/537.36 (KHTML, like Gecko) Chrome/90.0.4430.212 Safari/537.36\"\n","level":"info"}
{"message":"::1 - - [26/May/2021:19:43:03 +0000] \"GET /assets/toolbar/pointer-on.svg HTTP/1.1\" 304 - \"http://localhost:4000/d/7edfcfcd-5971-4e0c-afdc-a22906e4a7de\" \"Mozilla/5.0 (Windows NT 10.0; Win64; x64) AppleWebKit/537.36 (KHTML, like Gecko) Chrome/90.0.4430.212 Safari/537.36\"\n","level":"info"}
{"message":"::1 - - [26/May/2021:19:43:03 +0000] \"GET /assets/toolbar/pencil.svg HTTP/1.1\" 304 - \"http://localhost:4000/d/7edfcfcd-5971-4e0c-afdc-a22906e4a7de\" \"Mozilla/5.0 (Windows NT 10.0; Win64; x64) AppleWebKit/537.36 (KHTML, like Gecko) Chrome/90.0.4430.212 Safari/537.36\"\n","level":"info"}
{"message":"::1 - - [26/May/2021:19:43:03 +0000] \"GET /assets/toolbar/rectangle.svg HTTP/1.1\" 304 - \"http://localhost:4000/d/7edfcfcd-5971-4e0c-afdc-a22906e4a7de\" \"Mozilla/5.0 (Windows NT 10.0; Win64; x64) AppleWebKit/537.36 (KHTML, like Gecko) Chrome/90.0.4430.212 Safari/537.36\"\n","level":"info"}
{"message":"::1 - - [26/May/2021:19:43:03 +0000] \"GET /assets/toolbar/undo.svg HTTP/1.1\" 304 - \"http://localhost:4000/d/7edfcfcd-5971-4e0c-afdc-a22906e4a7de\" \"Mozilla/5.0 (Windows NT 10.0; Win64; x64) AppleWebKit/537.36 (KHTML, like Gecko) Chrome/90.0.4430.212 Safari/537.36\"\n","level":"info"}
{"message":"::1 - - [26/May/2021:19:43:03 +0000] \"GET /assets/toolbar/triangle.svg HTTP/1.1\" 304 - \"http://localhost:4000/d/7edfcfcd-5971-4e0c-afdc-a22906e4a7de\" \"Mozilla/5.0 (Windows NT 10.0; Win64; x64) AppleWebKit/537.36 (KHTML, like Gecko) Chrome/90.0.4430.212 Safari/537.36\"\n","level":"info"}
{"message":"::1 - - [26/May/2021:19:43:03 +0000] \"GET /assets/toolbar/bucket.svg HTTP/1.1\" 304 - \"http://localhost:4000/d/7edfcfcd-5971-4e0c-afdc-a22906e4a7de\" \"Mozilla/5.0 (Windows NT 10.0; Win64; x64) AppleWebKit/537.36 (KHTML, like Gecko) Chrome/90.0.4430.212 Safari/537.36\"\n","level":"info"}
{"message":"::1 - - [26/May/2021:19:43:03 +0000] \"GET /assets/toolbar/spray.svg HTTP/1.1\" 304 - \"http://localhost:4000/d/7edfcfcd-5971-4e0c-afdc-a22906e4a7de\" \"Mozilla/5.0 (Windows NT 10.0; Win64; x64) AppleWebKit/537.36 (KHTML, like Gecko) Chrome/90.0.4430.212 Safari/537.36\"\n","level":"info"}
{"message":"::1 - - [26/May/2021:19:43:03 +0000] \"GET /assets/toolbar/circle.svg HTTP/1.1\" 304 - \"http://localhost:4000/d/7edfcfcd-5971-4e0c-afdc-a22906e4a7de\" \"Mozilla/5.0 (Windows NT 10.0; Win64; x64) AppleWebKit/537.36 (KHTML, like Gecko) Chrome/90.0.4430.212 Safari/537.36\"\n","level":"info"}
{"message":"::1 - - [26/May/2021:19:43:03 +0000] \"GET /d/dload/0 HTTP/1.1\" 200 - \"http://localhost:4000/d/7edfcfcd-5971-4e0c-afdc-a22906e4a7de\" \"Mozilla/5.0 (Windows NT 10.0; Win64; x64) AppleWebKit/537.36 (KHTML, like Gecko) Chrome/90.0.4430.212 Safari/537.36\"\n","level":"info"}
{"message":"::1 - - [26/May/2021:19:43:03 +0000] \"GET /favicon.ico HTTP/1.1\" 302 24 \"http://localhost:4000/d/7edfcfcd-5971-4e0c-afdc-a22906e4a7de\" \"Mozilla/5.0 (Windows NT 10.0; Win64; x64) AppleWebKit/537.36 (KHTML, like Gecko) Chrome/90.0.4430.212 Safari/537.36\"\n","level":"info"}
{"message":"::1 - - [26/May/2021:19:43:03 +0000] \"GET /d HTTP/1.1\" 304 - \"http://localhost:4000/d/7edfcfcd-5971-4e0c-afdc-a22906e4a7de\" \"Mozilla/5.0 (Windows NT 10.0; Win64; x64) AppleWebKit/537.36 (KHTML, like Gecko) Chrome/90.0.4430.212 Safari/537.36\"\n","level":"info"}
{"message":"::1 - - [26/May/2021:19:43:04 +0000] \"GET /d/7edfcfcd-5971-4e0c-afdc-a22906e4a7de HTTP/1.1\" 304 - \"http://localhost:4000/d/7edfcfcd-5971-4e0c-afdc-a22906e4a7de\" \"Mozilla/5.0 (Windows NT 10.0; Win64; x64) AppleWebKit/537.36 (KHTML, like Gecko) Chrome/90.0.4430.212 Safari/537.36\"\n","level":"info"}
{"message":"::1 - - [26/May/2021:19:43:04 +0000] \"POST /d/upload/0 HTTP/1.1\" - - \"http://localhost:4000/d/7edfcfcd-5971-4e0c-afdc-a22906e4a7de\" \"Mozilla/5.0 (Windows NT 10.0; Win64; x64) AppleWebKit/537.36 (KHTML, like Gecko) Chrome/90.0.4430.212 Safari/537.36\"\n","level":"info"}
{"message":"::1 - - [26/May/2021:19:43:04 +0000] \"GET /styles/genStyles.css HTTP/1.1\" 304 - \"http://localhost:4000/d/7edfcfcd-5971-4e0c-afdc-a22906e4a7de\" \"Mozilla/5.0 (Windows NT 10.0; Win64; x64) AppleWebKit/537.36 (KHTML, like Gecko) Chrome/90.0.4430.212 Safari/537.36\"\n","level":"info"}
{"message":"::1 - - [26/May/2021:19:43:04 +0000] \"GET /styles/studio.css HTTP/1.1\" 304 - \"http://localhost:4000/d/7edfcfcd-5971-4e0c-afdc-a22906e4a7de\" \"Mozilla/5.0 (Windows NT 10.0; Win64; x64) AppleWebKit/537.36 (KHTML, like Gecko) Chrome/90.0.4430.212 Safari/537.36\"\n","level":"info"}
{"message":"::1 - - [26/May/2021:19:43:04 +0000] \"GET /scripts/clientSocket.js HTTP/1.1\" 304 - \"http://localhost:4000/d/7edfcfcd-5971-4e0c-afdc-a22906e4a7de\" \"Mozilla/5.0 (Windows NT 10.0; Win64; x64) AppleWebKit/537.36 (KHTML, like Gecko) Chrome/90.0.4430.212 Safari/537.36\"\n","level":"info"}
{"message":"::1 - - [26/May/2021:19:43:04 +0000] \"GET /scripts/canvas.js HTTP/1.1\" 304 - \"http://localhost:4000/d/7edfcfcd-5971-4e0c-afdc-a22906e4a7de\" \"Mozilla/5.0 (Windows NT 10.0; Win64; x64) AppleWebKit/537.36 (KHTML, like Gecko) Chrome/90.0.4430.212 Safari/537.36\"\n","level":"info"}
{"message":"::1 - - [26/May/2021:19:43:04 +0000] \"GET /assets/Logo.jpg HTTP/1.1\" 304 - \"http://localhost:4000/d/7edfcfcd-5971-4e0c-afdc-a22906e4a7de\" \"Mozilla/5.0 (Windows NT 10.0; Win64; x64) AppleWebKit/537.36 (KHTML, like Gecko) Chrome/90.0.4430.212 Safari/537.36\"\n","level":"info"}
{"message":"::1 - - [26/May/2021:19:43:04 +0000] \"GET /assets/toolbar/pointer-on.svg HTTP/1.1\" 304 - \"http://localhost:4000/d/7edfcfcd-5971-4e0c-afdc-a22906e4a7de\" \"Mozilla/5.0 (Windows NT 10.0; Win64; x64) AppleWebKit/537.36 (KHTML, like Gecko) Chrome/90.0.4430.212 Safari/537.36\"\n","level":"info"}
{"message":"::1 - - [26/May/2021:19:43:04 +0000] \"GET /assets/toolbar/pencil.svg HTTP/1.1\" 304 - \"http://localhost:4000/d/7edfcfcd-5971-4e0c-afdc-a22906e4a7de\" \"Mozilla/5.0 (Windows NT 10.0; Win64; x64) AppleWebKit/537.36 (KHTML, like Gecko) Chrome/90.0.4430.212 Safari/537.36\"\n","level":"info"}
{"message":"::1 - - [26/May/2021:19:43:04 +0000] \"GET /assets/toolbar/rectangle.svg HTTP/1.1\" 304 - \"http://localhost:4000/d/7edfcfcd-5971-4e0c-afdc-a22906e4a7de\" \"Mozilla/5.0 (Windows NT 10.0; Win64; x64) AppleWebKit/537.36 (KHTML, like Gecko) Chrome/90.0.4430.212 Safari/537.36\"\n","level":"info"}
{"message":"::1 - - [26/May/2021:19:43:04 +0000] \"GET /assets/toolbar/undo.svg HTTP/1.1\" 304 - \"http://localhost:4000/d/7edfcfcd-5971-4e0c-afdc-a22906e4a7de\" \"Mozilla/5.0 (Windows NT 10.0; Win64; x64) AppleWebKit/537.36 (KHTML, like Gecko) Chrome/90.0.4430.212 Safari/537.36\"\n","level":"info"}
{"message":"::1 - - [26/May/2021:19:43:04 +0000] \"GET /assets/toolbar/triangle.svg HTTP/1.1\" 304 - \"http://localhost:4000/d/7edfcfcd-5971-4e0c-afdc-a22906e4a7de\" \"Mozilla/5.0 (Windows NT 10.0; Win64; x64) AppleWebKit/537.36 (KHTML, like Gecko) Chrome/90.0.4430.212 Safari/537.36\"\n","level":"info"}
{"message":"::1 - - [26/May/2021:19:43:04 +0000] \"GET /assets/toolbar/bucket.svg HTTP/1.1\" 304 - \"http://localhost:4000/d/7edfcfcd-5971-4e0c-afdc-a22906e4a7de\" \"Mozilla/5.0 (Windows NT 10.0; Win64; x64) AppleWebKit/537.36 (KHTML, like Gecko) Chrome/90.0.4430.212 Safari/537.36\"\n","level":"info"}
{"message":"::1 - - [26/May/2021:19:43:04 +0000] \"GET /assets/toolbar/spray.svg HTTP/1.1\" 304 - \"http://localhost:4000/d/7edfcfcd-5971-4e0c-afdc-a22906e4a7de\" \"Mozilla/5.0 (Windows NT 10.0; Win64; x64) AppleWebKit/537.36 (KHTML, like Gecko) Chrome/90.0.4430.212 Safari/537.36\"\n","level":"info"}
{"message":"::1 - - [26/May/2021:19:43:04 +0000] \"GET /assets/toolbar/circle.svg HTTP/1.1\" 304 - \"http://localhost:4000/d/7edfcfcd-5971-4e0c-afdc-a22906e4a7de\" \"Mozilla/5.0 (Windows NT 10.0; Win64; x64) AppleWebKit/537.36 (KHTML, like Gecko) Chrome/90.0.4430.212 Safari/537.36\"\n","level":"info"}
{"message":"::1 - - [26/May/2021:19:43:04 +0000] \"GET /d/dload/0 HTTP/1.1\" 200 - \"http://localhost:4000/d/7edfcfcd-5971-4e0c-afdc-a22906e4a7de\" \"Mozilla/5.0 (Windows NT 10.0; Win64; x64) AppleWebKit/537.36 (KHTML, like Gecko) Chrome/90.0.4430.212 Safari/537.36\"\n","level":"info"}
{"message":"::1 - - [26/May/2021:19:43:04 +0000] \"GET /favicon.ico HTTP/1.1\" 302 24 \"http://localhost:4000/d/7edfcfcd-5971-4e0c-afdc-a22906e4a7de\" \"Mozilla/5.0 (Windows NT 10.0; Win64; x64) AppleWebKit/537.36 (KHTML, like Gecko) Chrome/90.0.4430.212 Safari/537.36\"\n","level":"info"}
{"message":"::1 - - [26/May/2021:19:43:04 +0000] \"GET /d HTTP/1.1\" 200 8131 \"http://localhost:4000/d/7edfcfcd-5971-4e0c-afdc-a22906e4a7de\" \"Mozilla/5.0 (Windows NT 10.0; Win64; x64) AppleWebKit/537.36 (KHTML, like Gecko) Chrome/90.0.4430.212 Safari/537.36\"\n","level":"info"}
{"message":"::1 - - [26/May/2021:19:43:07 +0000] \"GET /d/7edfcfcd-5971-4e0c-afdc-a22906e4a7de HTTP/1.1\" 304 - \"http://localhost:4000/d/7edfcfcd-5971-4e0c-afdc-a22906e4a7de\" \"Mozilla/5.0 (Windows NT 10.0; Win64; x64) AppleWebKit/537.36 (KHTML, like Gecko) Chrome/90.0.4430.212 Safari/537.36\"\n","level":"info"}
{"message":"::1 - - [26/May/2021:19:43:07 +0000] \"POST /d/upload/0 HTTP/1.1\" - - \"http://localhost:4000/d/7edfcfcd-5971-4e0c-afdc-a22906e4a7de\" \"Mozilla/5.0 (Windows NT 10.0; Win64; x64) AppleWebKit/537.36 (KHTML, like Gecko) Chrome/90.0.4430.212 Safari/537.36\"\n","level":"info"}
{"message":"::1 - - [26/May/2021:19:43:07 +0000] \"GET /styles/genStyles.css HTTP/1.1\" 304 - \"http://localhost:4000/d/7edfcfcd-5971-4e0c-afdc-a22906e4a7de\" \"Mozilla/5.0 (Windows NT 10.0; Win64; x64) AppleWebKit/537.36 (KHTML, like Gecko) Chrome/90.0.4430.212 Safari/537.36\"\n","level":"info"}
{"message":"::1 - - [26/May/2021:19:43:07 +0000] \"GET /styles/studio.css HTTP/1.1\" 304 - \"http://localhost:4000/d/7edfcfcd-5971-4e0c-afdc-a22906e4a7de\" \"Mozilla/5.0 (Windows NT 10.0; Win64; x64) AppleWebKit/537.36 (KHTML, like Gecko) Chrome/90.0.4430.212 Safari/537.36\"\n","level":"info"}
{"message":"::1 - - [26/May/2021:19:43:07 +0000] \"GET /scripts/clientSocket.js HTTP/1.1\" 304 - \"http://localhost:4000/d/7edfcfcd-5971-4e0c-afdc-a22906e4a7de\" \"Mozilla/5.0 (Windows NT 10.0; Win64; x64) AppleWebKit/537.36 (KHTML, like Gecko) Chrome/90.0.4430.212 Safari/537.36\"\n","level":"info"}
{"message":"::1 - - [26/May/2021:19:43:07 +0000] \"GET /scripts/canvas.js HTTP/1.1\" 304 - \"http://localhost:4000/d/7edfcfcd-5971-4e0c-afdc-a22906e4a7de\" \"Mozilla/5.0 (Windows NT 10.0; Win64; x64) AppleWebKit/537.36 (KHTML, like Gecko) Chrome/90.0.4430.212 Safari/537.36\"\n","level":"info"}
{"message":"::1 - - [26/May/2021:19:43:07 +0000] \"GET /assets/Logo.jpg HTTP/1.1\" 304 - \"http://localhost:4000/d/7edfcfcd-5971-4e0c-afdc-a22906e4a7de\" \"Mozilla/5.0 (Windows NT 10.0; Win64; x64) AppleWebKit/537.36 (KHTML, like Gecko) Chrome/90.0.4430.212 Safari/537.36\"\n","level":"info"}
{"message":"::1 - - [26/May/2021:19:43:07 +0000] \"GET /assets/toolbar/pointer-on.svg HTTP/1.1\" 304 - \"http://localhost:4000/d/7edfcfcd-5971-4e0c-afdc-a22906e4a7de\" \"Mozilla/5.0 (Windows NT 10.0; Win64; x64) AppleWebKit/537.36 (KHTML, like Gecko) Chrome/90.0.4430.212 Safari/537.36\"\n","level":"info"}
{"message":"::1 - - [26/May/2021:19:43:07 +0000] \"GET /assets/toolbar/pencil.svg HTTP/1.1\" 304 - \"http://localhost:4000/d/7edfcfcd-5971-4e0c-afdc-a22906e4a7de\" \"Mozilla/5.0 (Windows NT 10.0; Win64; x64) AppleWebKit/537.36 (KHTML, like Gecko) Chrome/90.0.4430.212 Safari/537.36\"\n","level":"info"}
{"message":"::1 - - [26/May/2021:19:43:07 +0000] \"GET /assets/toolbar/rectangle.svg HTTP/1.1\" 304 - \"http://localhost:4000/d/7edfcfcd-5971-4e0c-afdc-a22906e4a7de\" \"Mozilla/5.0 (Windows NT 10.0; Win64; x64) AppleWebKit/537.36 (KHTML, like Gecko) Chrome/90.0.4430.212 Safari/537.36\"\n","level":"info"}
{"message":"::1 - - [26/May/2021:19:43:07 +0000] \"GET /assets/toolbar/triangle.svg HTTP/1.1\" 304 - \"http://localhost:4000/d/7edfcfcd-5971-4e0c-afdc-a22906e4a7de\" \"Mozilla/5.0 (Windows NT 10.0; Win64; x64) AppleWebKit/537.36 (KHTML, like Gecko) Chrome/90.0.4430.212 Safari/537.36\"\n","level":"info"}
{"message":"::1 - - [26/May/2021:19:43:07 +0000] \"GET /assets/toolbar/circle.svg HTTP/1.1\" 304 - \"http://localhost:4000/d/7edfcfcd-5971-4e0c-afdc-a22906e4a7de\" \"Mozilla/5.0 (Windows NT 10.0; Win64; x64) AppleWebKit/537.36 (KHTML, like Gecko) Chrome/90.0.4430.212 Safari/537.36\"\n","level":"info"}
{"message":"::1 - - [26/May/2021:19:43:07 +0000] \"GET /assets/toolbar/bucket.svg HTTP/1.1\" 304 - \"http://localhost:4000/d/7edfcfcd-5971-4e0c-afdc-a22906e4a7de\" \"Mozilla/5.0 (Windows NT 10.0; Win64; x64) AppleWebKit/537.36 (KHTML, like Gecko) Chrome/90.0.4430.212 Safari/537.36\"\n","level":"info"}
{"message":"::1 - - [26/May/2021:19:43:07 +0000] \"GET /assets/toolbar/undo.svg HTTP/1.1\" 304 - \"http://localhost:4000/d/7edfcfcd-5971-4e0c-afdc-a22906e4a7de\" \"Mozilla/5.0 (Windows NT 10.0; Win64; x64) AppleWebKit/537.36 (KHTML, like Gecko) Chrome/90.0.4430.212 Safari/537.36\"\n","level":"info"}
{"message":"::1 - - [26/May/2021:19:43:07 +0000] \"GET /assets/toolbar/spray.svg HTTP/1.1\" 304 - \"http://localhost:4000/d/7edfcfcd-5971-4e0c-afdc-a22906e4a7de\" \"Mozilla/5.0 (Windows NT 10.0; Win64; x64) AppleWebKit/537.36 (KHTML, like Gecko) Chrome/90.0.4430.212 Safari/537.36\"\n","level":"info"}
{"message":"::1 - - [26/May/2021:19:43:07 +0000] \"GET /d/dload/0 HTTP/1.1\" 200 - \"http://localhost:4000/d/7edfcfcd-5971-4e0c-afdc-a22906e4a7de\" \"Mozilla/5.0 (Windows NT 10.0; Win64; x64) AppleWebKit/537.36 (KHTML, like Gecko) Chrome/90.0.4430.212 Safari/537.36\"\n","level":"info"}
{"message":"::1 - - [26/May/2021:19:43:07 +0000] \"GET /favicon.ico HTTP/1.1\" 302 24 \"http://localhost:4000/d/7edfcfcd-5971-4e0c-afdc-a22906e4a7de\" \"Mozilla/5.0 (Windows NT 10.0; Win64; x64) AppleWebKit/537.36 (KHTML, like Gecko) Chrome/90.0.4430.212 Safari/537.36\"\n","level":"info"}
{"message":"::1 - - [26/May/2021:19:43:07 +0000] \"GET /d HTTP/1.1\" 304 - \"http://localhost:4000/d/7edfcfcd-5971-4e0c-afdc-a22906e4a7de\" \"Mozilla/5.0 (Windows NT 10.0; Win64; x64) AppleWebKit/537.36 (KHTML, like Gecko) Chrome/90.0.4430.212 Safari/537.36\"\n","level":"info"}
{"message":"::1 - - [26/May/2021:19:43:23 +0000] \"GET /d HTTP/1.1\" 304 - \"http://localhost:4000/d/7edfcfcd-5971-4e0c-afdc-a22906e4a7de\" \"Mozilla/5.0 (Windows NT 10.0; Win64; x64) AppleWebKit/537.36 (KHTML, like Gecko) Chrome/90.0.4430.212 Safari/537.36\"\n","level":"info"}
{"message":"::1 - - [26/May/2021:19:43:23 +0000] \"POST /d/upload/0 HTTP/1.1\" - - \"http://localhost:4000/d/7edfcfcd-5971-4e0c-afdc-a22906e4a7de\" \"Mozilla/5.0 (Windows NT 10.0; Win64; x64) AppleWebKit/537.36 (KHTML, like Gecko) Chrome/90.0.4430.212 Safari/537.36\"\n","level":"info"}
{"message":"::1 - - [26/May/2021:19:43:23 +0000] \"GET /styles/genStyles.css HTTP/1.1\" 304 - \"http://localhost:4000/d\" \"Mozilla/5.0 (Windows NT 10.0; Win64; x64) AppleWebKit/537.36 (KHTML, like Gecko) Chrome/90.0.4430.212 Safari/537.36\"\n","level":"info"}
{"message":"::1 - - [26/May/2021:19:43:23 +0000] \"GET /styles/drawings.css HTTP/1.1\" 304 - \"http://localhost:4000/d\" \"Mozilla/5.0 (Windows NT 10.0; Win64; x64) AppleWebKit/537.36 (KHTML, like Gecko) Chrome/90.0.4430.212 Safari/537.36\"\n","level":"info"}
{"message":"::1 - - [26/May/2021:19:43:23 +0000] \"GET /assets/Logo.jpg HTTP/1.1\" 304 - \"http://localhost:4000/d\" \"Mozilla/5.0 (Windows NT 10.0; Win64; x64) AppleWebKit/537.36 (KHTML, like Gecko) Chrome/90.0.4430.212 Safari/537.36\"\n","level":"info"}
{"message":"::1 - - [26/May/2021:19:43:23 +0000] \"GET /assets/toolbar/plus.svg HTTP/1.1\" 304 - \"http://localhost:4000/styles/drawings.css\" \"Mozilla/5.0 (Windows NT 10.0; Win64; x64) AppleWebKit/537.36 (KHTML, like Gecko) Chrome/90.0.4430.212 Safari/537.36\"\n","level":"info"}
{"message":"::1 - - [26/May/2021:19:43:23 +0000] \"GET /favicon.ico HTTP/1.1\" 302 24 \"http://localhost:4000/d\" \"Mozilla/5.0 (Windows NT 10.0; Win64; x64) AppleWebKit/537.36 (KHTML, like Gecko) Chrome/90.0.4430.212 Safari/537.36\"\n","level":"info"}
{"message":"::1 - - [26/May/2021:19:43:23 +0000] \"GET /d HTTP/1.1\" 304 - \"http://localhost:4000/d\" \"Mozilla/5.0 (Windows NT 10.0; Win64; x64) AppleWebKit/537.36 (KHTML, like Gecko) Chrome/90.0.4430.212 Safari/537.36\"\n","level":"info"}
{"message":"::1 - - [26/May/2021:19:43:25 +0000] \"GET /d/c HTTP/1.1\" 302 48 \"http://localhost:4000/d\" \"Mozilla/5.0 (Windows NT 10.0; Win64; x64) AppleWebKit/537.36 (KHTML, like Gecko) Chrome/90.0.4430.212 Safari/537.36\"\n","level":"info"}
{"message":"::1 - - [26/May/2021:19:43:25 +0000] \"GET /d HTTP/1.1\" 200 8506 \"http://localhost:4000/d\" \"Mozilla/5.0 (Windows NT 10.0; Win64; x64) AppleWebKit/537.36 (KHTML, like Gecko) Chrome/90.0.4430.212 Safari/537.36\"\n","level":"info"}
{"message":"::1 - - [26/May/2021:19:43:25 +0000] \"GET /styles/genStyles.css HTTP/1.1\" 304 - \"http://localhost:4000/d\" \"Mozilla/5.0 (Windows NT 10.0; Win64; x64) AppleWebKit/537.36 (KHTML, like Gecko) Chrome/90.0.4430.212 Safari/537.36\"\n","level":"info"}
{"message":"::1 - - [26/May/2021:19:43:25 +0000] \"GET /styles/drawings.css HTTP/1.1\" 304 - \"http://localhost:4000/d\" \"Mozilla/5.0 (Windows NT 10.0; Win64; x64) AppleWebKit/537.36 (KHTML, like Gecko) Chrome/90.0.4430.212 Safari/537.36\"\n","level":"info"}
{"message":"::1 - - [26/May/2021:19:43:25 +0000] \"GET /assets/Logo.jpg HTTP/1.1\" 304 - \"http://localhost:4000/d\" \"Mozilla/5.0 (Windows NT 10.0; Win64; x64) AppleWebKit/537.36 (KHTML, like Gecko) Chrome/90.0.4430.212 Safari/537.36\"\n","level":"info"}
{"message":"::1 - - [26/May/2021:19:43:25 +0000] \"GET /favicon.ico HTTP/1.1\" 302 24 \"http://localhost:4000/d\" \"Mozilla/5.0 (Windows NT 10.0; Win64; x64) AppleWebKit/537.36 (KHTML, like Gecko) Chrome/90.0.4430.212 Safari/537.36\"\n","level":"info"}
{"message":"::1 - - [26/May/2021:19:43:25 +0000] \"GET /d HTTP/1.1\" 304 - \"http://localhost:4000/d\" \"Mozilla/5.0 (Windows NT 10.0; Win64; x64) AppleWebKit/537.36 (KHTML, like Gecko) Chrome/90.0.4430.212 Safari/537.36\"\n","level":"info"}
{"message":"::1 - - [26/May/2021:19:43:25 +0000] \"GET /d/c HTTP/1.1\" 302 48 \"http://localhost:4000/d\" \"Mozilla/5.0 (Windows NT 10.0; Win64; x64) AppleWebKit/537.36 (KHTML, like Gecko) Chrome/90.0.4430.212 Safari/537.36\"\n","level":"info"}
{"message":"::1 - - [26/May/2021:19:43:25 +0000] \"GET /d HTTP/1.1\" 200 8881 \"http://localhost:4000/d\" \"Mozilla/5.0 (Windows NT 10.0; Win64; x64) AppleWebKit/537.36 (KHTML, like Gecko) Chrome/90.0.4430.212 Safari/537.36\"\n","level":"info"}
{"message":"::1 - - [26/May/2021:19:43:25 +0000] \"GET /styles/genStyles.css HTTP/1.1\" 304 - \"http://localhost:4000/d\" \"Mozilla/5.0 (Windows NT 10.0; Win64; x64) AppleWebKit/537.36 (KHTML, like Gecko) Chrome/90.0.4430.212 Safari/537.36\"\n","level":"info"}
{"message":"::1 - - [26/May/2021:19:43:25 +0000] \"GET /styles/drawings.css HTTP/1.1\" 304 - \"http://localhost:4000/d\" \"Mozilla/5.0 (Windows NT 10.0; Win64; x64) AppleWebKit/537.36 (KHTML, like Gecko) Chrome/90.0.4430.212 Safari/537.36\"\n","level":"info"}
{"message":"::1 - - [26/May/2021:19:43:25 +0000] \"GET /assets/Logo.jpg HTTP/1.1\" 304 - \"http://localhost:4000/d\" \"Mozilla/5.0 (Windows NT 10.0; Win64; x64) AppleWebKit/537.36 (KHTML, like Gecko) Chrome/90.0.4430.212 Safari/537.36\"\n","level":"info"}
{"message":"::1 - - [26/May/2021:19:43:25 +0000] \"GET /favicon.ico HTTP/1.1\" 302 24 \"http://localhost:4000/d\" \"Mozilla/5.0 (Windows NT 10.0; Win64; x64) AppleWebKit/537.36 (KHTML, like Gecko) Chrome/90.0.4430.212 Safari/537.36\"\n","level":"info"}
{"message":"::1 - - [26/May/2021:19:43:25 +0000] \"GET /d HTTP/1.1\" 304 - \"http://localhost:4000/d\" \"Mozilla/5.0 (Windows NT 10.0; Win64; x64) AppleWebKit/537.36 (KHTML, like Gecko) Chrome/90.0.4430.212 Safari/537.36\"\n","level":"info"}
{"message":"::1 - - [26/May/2021:19:43:25 +0000] \"GET /d/c HTTP/1.1\" 302 48 \"http://localhost:4000/d\" \"Mozilla/5.0 (Windows NT 10.0; Win64; x64) AppleWebKit/537.36 (KHTML, like Gecko) Chrome/90.0.4430.212 Safari/537.36\"\n","level":"info"}
{"message":"::1 - - [26/May/2021:19:43:25 +0000] \"GET /d HTTP/1.1\" 200 9256 \"http://localhost:4000/d\" \"Mozilla/5.0 (Windows NT 10.0; Win64; x64) AppleWebKit/537.36 (KHTML, like Gecko) Chrome/90.0.4430.212 Safari/537.36\"\n","level":"info"}
{"message":"::1 - - [26/May/2021:19:43:26 +0000] \"GET /styles/genStyles.css HTTP/1.1\" 304 - \"http://localhost:4000/d\" \"Mozilla/5.0 (Windows NT 10.0; Win64; x64) AppleWebKit/537.36 (KHTML, like Gecko) Chrome/90.0.4430.212 Safari/537.36\"\n","level":"info"}
{"message":"::1 - - [26/May/2021:19:43:26 +0000] \"GET /styles/drawings.css HTTP/1.1\" 304 - \"http://localhost:4000/d\" \"Mozilla/5.0 (Windows NT 10.0; Win64; x64) AppleWebKit/537.36 (KHTML, like Gecko) Chrome/90.0.4430.212 Safari/537.36\"\n","level":"info"}
{"message":"::1 - - [26/May/2021:19:43:26 +0000] \"GET /assets/Logo.jpg HTTP/1.1\" 304 - \"http://localhost:4000/d\" \"Mozilla/5.0 (Windows NT 10.0; Win64; x64) AppleWebKit/537.36 (KHTML, like Gecko) Chrome/90.0.4430.212 Safari/537.36\"\n","level":"info"}
{"message":"::1 - - [26/May/2021:19:43:26 +0000] \"GET /favicon.ico HTTP/1.1\" 302 24 \"http://localhost:4000/d\" \"Mozilla/5.0 (Windows NT 10.0; Win64; x64) AppleWebKit/537.36 (KHTML, like Gecko) Chrome/90.0.4430.212 Safari/537.36\"\n","level":"info"}
{"message":"::1 - - [26/May/2021:19:43:26 +0000] \"GET /d HTTP/1.1\" 304 - \"http://localhost:4000/d\" \"Mozilla/5.0 (Windows NT 10.0; Win64; x64) AppleWebKit/537.36 (KHTML, like Gecko) Chrome/90.0.4430.212 Safari/537.36\"\n","level":"info"}
{"message":"::1 - - [26/May/2021:19:43:28 +0000] \"GET /d/del/3 HTTP/1.1\" 302 24 \"http://localhost:4000/d\" \"Mozilla/5.0 (Windows NT 10.0; Win64; x64) AppleWebKit/537.36 (KHTML, like Gecko) Chrome/90.0.4430.212 Safari/537.36\"\n","level":"info"}
{"error":{},"level":"error","message":"uncaughtException: Cannot read property 'members' of undefined\nTypeError: Cannot read property 'members' of undefined\n    at C:\\Users\\Александр\\Desktop\\Node\\GroupDrawing\\src\\routes\\drawings.js:45:53\n    at C:\\Users\\Александр\\Desktop\\Node\\GroupDrawing\\node_modules\\mongoose\\lib\\model.js:4875:16\n    at C:\\Users\\Александр\\Desktop\\Node\\GroupDrawing\\node_modules\\mongoose\\lib\\helpers\\promiseOrCallback.js:24:16\n    at C:\\Users\\Александр\\Desktop\\Node\\GroupDrawing\\node_modules\\mongoose\\lib\\model.js:4898:21\n    at C:\\Users\\Александр\\Desktop\\Node\\GroupDrawing\\node_modules\\mongoose\\lib\\query.js:4447:11\n    at C:\\Users\\Александр\\Desktop\\Node\\GroupDrawing\\node_modules\\kareem\\index.js:136:16\n    at processTicksAndRejections (internal/process/task_queues.js:75:11)","stack":"TypeError: Cannot read property 'members' of undefined\n    at C:\\Users\\Александр\\Desktop\\Node\\GroupDrawing\\src\\routes\\drawings.js:45:53\n    at C:\\Users\\Александр\\Desktop\\Node\\GroupDrawing\\node_modules\\mongoose\\lib\\model.js:4875:16\n    at C:\\Users\\Александр\\Desktop\\Node\\GroupDrawing\\node_modules\\mongoose\\lib\\helpers\\promiseOrCallback.js:24:16\n    at C:\\Users\\Александр\\Desktop\\Node\\GroupDrawing\\node_modules\\mongoose\\lib\\model.js:4898:21\n    at C:\\Users\\Александр\\Desktop\\Node\\GroupDrawing\\node_modules\\mongoose\\lib\\query.js:4447:11\n    at C:\\Users\\Александр\\Desktop\\Node\\GroupDrawing\\node_modules\\kareem\\index.js:136:16\n    at processTicksAndRejections (internal/process/task_queues.js:75:11)","exception":true,"date":"Wed May 26 2021 22:43:28 GMT+0300 (Восточная Европа, летнее время)","process":{"pid":17748,"uid":null,"gid":null,"cwd":"C:\\Users\\Александр\\Desktop\\Node\\GroupDrawing","execPath":"D:\\nodejs\\node.exe","version":"v14.15.4","argv":["D:\\nodejs\\node.exe","C:\\Users\\Александр\\Desktop\\Node\\GroupDrawing\\index.js"],"memoryUsage":{"rss":62185472,"heapTotal":35561472,"heapUsed":28547112,"external":19971942,"arrayBuffers":18371132}},"os":{"loadavg":[0,0,0],"uptime":199491},"trace":[{"column":53,"file":"C:\\Users\\Александр\\Desktop\\Node\\GroupDrawing\\src\\routes\\drawings.js","function":null,"line":45,"method":null,"native":false},{"column":16,"file":"C:\\Users\\Александр\\Desktop\\Node\\GroupDrawing\\node_modules\\mongoose\\lib\\model.js","function":null,"line":4875,"method":null,"native":false},{"column":16,"file":"C:\\Users\\Александр\\Desktop\\Node\\GroupDrawing\\node_modules\\mongoose\\lib\\helpers\\promiseOrCallback.js","function":null,"line":24,"method":null,"native":false},{"column":21,"file":"C:\\Users\\Александр\\Desktop\\Node\\GroupDrawing\\node_modules\\mongoose\\lib\\model.js","function":null,"line":4898,"method":null,"native":false},{"column":11,"file":"C:\\Users\\Александр\\Desktop\\Node\\GroupDrawing\\node_modules\\mongoose\\lib\\query.js","function":null,"line":4447,"method":null,"native":false},{"column":16,"file":"C:\\Users\\Александр\\Desktop\\Node\\GroupDrawing\\node_modules\\kareem\\index.js","function":null,"line":136,"method":null,"native":false},{"column":11,"file":"internal/process/task_queues.js","function":"processTicksAndRejections","line":75,"method":null,"native":false}]}
{"error":{},"level":"error","message":"uncaughtException: Cannot read property 'members' of undefined\nTypeError: Cannot read property 'members' of undefined\n    at C:\\Users\\Александр\\Desktop\\Node\\GroupDrawing\\src\\routes\\drawings.js:45:53\n    at C:\\Users\\Александр\\Desktop\\Node\\GroupDrawing\\node_modules\\mongoose\\lib\\model.js:4875:16\n    at C:\\Users\\Александр\\Desktop\\Node\\GroupDrawing\\node_modules\\mongoose\\lib\\helpers\\promiseOrCallback.js:24:16\n    at C:\\Users\\Александр\\Desktop\\Node\\GroupDrawing\\node_modules\\mongoose\\lib\\model.js:4898:21\n    at C:\\Users\\Александр\\Desktop\\Node\\GroupDrawing\\node_modules\\mongoose\\lib\\query.js:4447:11\n    at C:\\Users\\Александр\\Desktop\\Node\\GroupDrawing\\node_modules\\kareem\\index.js:136:16\n    at processTicksAndRejections (internal/process/task_queues.js:75:11)","stack":"TypeError: Cannot read property 'members' of undefined\n    at C:\\Users\\Александр\\Desktop\\Node\\GroupDrawing\\src\\routes\\drawings.js:45:53\n    at C:\\Users\\Александр\\Desktop\\Node\\GroupDrawing\\node_modules\\mongoose\\lib\\model.js:4875:16\n    at C:\\Users\\Александр\\Desktop\\Node\\GroupDrawing\\node_modules\\mongoose\\lib\\helpers\\promiseOrCallback.js:24:16\n    at C:\\Users\\Александр\\Desktop\\Node\\GroupDrawing\\node_modules\\mongoose\\lib\\model.js:4898:21\n    at C:\\Users\\Александр\\Desktop\\Node\\GroupDrawing\\node_modules\\mongoose\\lib\\query.js:4447:11\n    at C:\\Users\\Александр\\Desktop\\Node\\GroupDrawing\\node_modules\\kareem\\index.js:136:16\n    at processTicksAndRejections (internal/process/task_queues.js:75:11)","exception":true,"date":"Wed May 26 2021 22:47:05 GMT+0300 (Восточная Европа, летнее время)","process":{"pid":10524,"uid":null,"gid":null,"cwd":"C:\\Users\\Александр\\Desktop\\Node\\GroupDrawing","execPath":"D:\\nodejs\\node.exe","version":"v14.15.4","argv":["D:\\nodejs\\node.exe","C:\\Users\\Александр\\Desktop\\Node\\GroupDrawing\\index.js"],"memoryUsage":{"rss":60391424,"heapTotal":33202176,"heapUsed":25194472,"external":19901551,"arrayBuffers":18309997}},"os":{"loadavg":[0,0,0],"uptime":199708},"trace":[{"column":53,"file":"C:\\Users\\Александр\\Desktop\\Node\\GroupDrawing\\src\\routes\\drawings.js","function":null,"line":45,"method":null,"native":false},{"column":16,"file":"C:\\Users\\Александр\\Desktop\\Node\\GroupDrawing\\node_modules\\mongoose\\lib\\model.js","function":null,"line":4875,"method":null,"native":false},{"column":16,"file":"C:\\Users\\Александр\\Desktop\\Node\\GroupDrawing\\node_modules\\mongoose\\lib\\helpers\\promiseOrCallback.js","function":null,"line":24,"method":null,"native":false},{"column":21,"file":"C:\\Users\\Александр\\Desktop\\Node\\GroupDrawing\\node_modules\\mongoose\\lib\\model.js","function":null,"line":4898,"method":null,"native":false},{"column":11,"file":"C:\\Users\\Александр\\Desktop\\Node\\GroupDrawing\\node_modules\\mongoose\\lib\\query.js","function":null,"line":4447,"method":null,"native":false},{"column":16,"file":"C:\\Users\\Александр\\Desktop\\Node\\GroupDrawing\\node_modules\\kareem\\index.js","function":null,"line":136,"method":null,"native":false},{"column":11,"file":"internal/process/task_queues.js","function":"processTicksAndRejections","line":75,"method":null,"native":false}]}
{"error":{},"level":"error","message":"uncaughtException: Cannot read property 'members' of undefined\nTypeError: Cannot read property 'members' of undefined\n    at C:\\Users\\Александр\\Desktop\\Node\\GroupDrawing\\src\\routes\\drawings.js:45:53\n    at C:\\Users\\Александр\\Desktop\\Node\\GroupDrawing\\node_modules\\mongoose\\lib\\model.js:4875:16\n    at C:\\Users\\Александр\\Desktop\\Node\\GroupDrawing\\node_modules\\mongoose\\lib\\helpers\\promiseOrCallback.js:24:16\n    at C:\\Users\\Александр\\Desktop\\Node\\GroupDrawing\\node_modules\\mongoose\\lib\\model.js:4898:21\n    at C:\\Users\\Александр\\Desktop\\Node\\GroupDrawing\\node_modules\\mongoose\\lib\\query.js:4447:11\n    at C:\\Users\\Александр\\Desktop\\Node\\GroupDrawing\\node_modules\\kareem\\index.js:136:16\n    at processTicksAndRejections (internal/process/task_queues.js:75:11)","stack":"TypeError: Cannot read property 'members' of undefined\n    at C:\\Users\\Александр\\Desktop\\Node\\GroupDrawing\\src\\routes\\drawings.js:45:53\n    at C:\\Users\\Александр\\Desktop\\Node\\GroupDrawing\\node_modules\\mongoose\\lib\\model.js:4875:16\n    at C:\\Users\\Александр\\Desktop\\Node\\GroupDrawing\\node_modules\\mongoose\\lib\\helpers\\promiseOrCallback.js:24:16\n    at C:\\Users\\Александр\\Desktop\\Node\\GroupDrawing\\node_modules\\mongoose\\lib\\model.js:4898:21\n    at C:\\Users\\Александр\\Desktop\\Node\\GroupDrawing\\node_modules\\mongoose\\lib\\query.js:4447:11\n    at C:\\Users\\Александр\\Desktop\\Node\\GroupDrawing\\node_modules\\kareem\\index.js:136:16\n    at processTicksAndRejections (internal/process/task_queues.js:75:11)","exception":true,"date":"Wed May 26 2021 22:57:04 GMT+0300 (Восточная Европа, летнее время)","process":{"pid":5776,"uid":null,"gid":null,"cwd":"C:\\Users\\Александр\\Desktop\\Node\\GroupDrawing","execPath":"D:\\nodejs\\node.exe","version":"v14.15.4","argv":["D:\\nodejs\\node.exe","C:\\Users\\Александр\\Desktop\\Node\\GroupDrawing\\index.js"],"memoryUsage":{"rss":54607872,"heapTotal":27172864,"heapUsed":24840208,"external":19895659,"arrayBuffers":18304105}},"os":{"loadavg":[0,0,0],"uptime":200308},"trace":[{"column":53,"file":"C:\\Users\\Александр\\Desktop\\Node\\GroupDrawing\\src\\routes\\drawings.js","function":null,"line":45,"method":null,"native":false},{"column":16,"file":"C:\\Users\\Александр\\Desktop\\Node\\GroupDrawing\\node_modules\\mongoose\\lib\\model.js","function":null,"line":4875,"method":null,"native":false},{"column":16,"file":"C:\\Users\\Александр\\Desktop\\Node\\GroupDrawing\\node_modules\\mongoose\\lib\\helpers\\promiseOrCallback.js","function":null,"line":24,"method":null,"native":false},{"column":21,"file":"C:\\Users\\Александр\\Desktop\\Node\\GroupDrawing\\node_modules\\mongoose\\lib\\model.js","function":null,"line":4898,"method":null,"native":false},{"column":11,"file":"C:\\Users\\Александр\\Desktop\\Node\\GroupDrawing\\node_modules\\mongoose\\lib\\query.js","function":null,"line":4447,"method":null,"native":false},{"column":16,"file":"C:\\Users\\Александр\\Desktop\\Node\\GroupDrawing\\node_modules\\kareem\\index.js","function":null,"line":136,"method":null,"native":false},{"column":11,"file":"internal/process/task_queues.js","function":"processTicksAndRejections","line":75,"method":null,"native":false}]}
{"error":{},"level":"error","message":"uncaughtException: Cannot read property 'members' of undefined\nTypeError: Cannot read property 'members' of undefined\n    at C:\\Users\\Александр\\Desktop\\Node\\GroupDrawing\\src\\routes\\drawings.js:45:53\n    at C:\\Users\\Александр\\Desktop\\Node\\GroupDrawing\\node_modules\\mongoose\\lib\\model.js:4875:16\n    at C:\\Users\\Александр\\Desktop\\Node\\GroupDrawing\\node_modules\\mongoose\\lib\\helpers\\promiseOrCallback.js:24:16\n    at C:\\Users\\Александр\\Desktop\\Node\\GroupDrawing\\node_modules\\mongoose\\lib\\model.js:4898:21\n    at C:\\Users\\Александр\\Desktop\\Node\\GroupDrawing\\node_modules\\mongoose\\lib\\query.js:4447:11\n    at C:\\Users\\Александр\\Desktop\\Node\\GroupDrawing\\node_modules\\kareem\\index.js:136:16\n    at processTicksAndRejections (internal/process/task_queues.js:75:11)","stack":"TypeError: Cannot read property 'members' of undefined\n    at C:\\Users\\Александр\\Desktop\\Node\\GroupDrawing\\src\\routes\\drawings.js:45:53\n    at C:\\Users\\Александр\\Desktop\\Node\\GroupDrawing\\node_modules\\mongoose\\lib\\model.js:4875:16\n    at C:\\Users\\Александр\\Desktop\\Node\\GroupDrawing\\node_modules\\mongoose\\lib\\helpers\\promiseOrCallback.js:24:16\n    at C:\\Users\\Александр\\Desktop\\Node\\GroupDrawing\\node_modules\\mongoose\\lib\\model.js:4898:21\n    at C:\\Users\\Александр\\Desktop\\Node\\GroupDrawing\\node_modules\\mongoose\\lib\\query.js:4447:11\n    at C:\\Users\\Александр\\Desktop\\Node\\GroupDrawing\\node_modules\\kareem\\index.js:136:16\n    at processTicksAndRejections (internal/process/task_queues.js:75:11)","exception":true,"date":"Wed May 26 2021 23:03:06 GMT+0300 (Восточная Европа, летнее время)","process":{"pid":3476,"uid":null,"gid":null,"cwd":"C:\\Users\\Александр\\Desktop\\Node\\GroupDrawing","execPath":"D:\\nodejs\\node.exe","version":"v14.15.4","argv":["D:\\nodejs\\node.exe","C:\\Users\\Александр\\Desktop\\Node\\GroupDrawing\\index.js"],"memoryUsage":{"rss":60084224,"heapTotal":33726464,"heapUsed":29897536,"external":20112353,"arrayBuffers":18476362}},"os":{"loadavg":[0,0,0],"uptime":200670},"trace":[{"column":53,"file":"C:\\Users\\Александр\\Desktop\\Node\\GroupDrawing\\src\\routes\\drawings.js","function":null,"line":45,"method":null,"native":false},{"column":16,"file":"C:\\Users\\Александр\\Desktop\\Node\\GroupDrawing\\node_modules\\mongoose\\lib\\model.js","function":null,"line":4875,"method":null,"native":false},{"column":16,"file":"C:\\Users\\Александр\\Desktop\\Node\\GroupDrawing\\node_modules\\mongoose\\lib\\helpers\\promiseOrCallback.js","function":null,"line":24,"method":null,"native":false},{"column":21,"file":"C:\\Users\\Александр\\Desktop\\Node\\GroupDrawing\\node_modules\\mongoose\\lib\\model.js","function":null,"line":4898,"method":null,"native":false},{"column":11,"file":"C:\\Users\\Александр\\Desktop\\Node\\GroupDrawing\\node_modules\\mongoose\\lib\\query.js","function":null,"line":4447,"method":null,"native":false},{"column":16,"file":"C:\\Users\\Александр\\Desktop\\Node\\GroupDrawing\\node_modules\\kareem\\index.js","function":null,"line":136,"method":null,"native":false},{"column":11,"file":"internal/process/task_queues.js","function":"processTicksAndRejections","line":75,"method":null,"native":false}]}
{"error":{},"level":"error","message":"uncaughtException: Cannot read property 'members' of undefined\nTypeError: Cannot read property 'members' of undefined\n    at C:\\Users\\Александр\\Desktop\\Node\\GroupDrawing\\src\\routes\\drawings.js:45:53\n    at C:\\Users\\Александр\\Desktop\\Node\\GroupDrawing\\node_modules\\mongoose\\lib\\model.js:4875:16\n    at C:\\Users\\Александр\\Desktop\\Node\\GroupDrawing\\node_modules\\mongoose\\lib\\helpers\\promiseOrCallback.js:24:16\n    at C:\\Users\\Александр\\Desktop\\Node\\GroupDrawing\\node_modules\\mongoose\\lib\\model.js:4898:21\n    at C:\\Users\\Александр\\Desktop\\Node\\GroupDrawing\\node_modules\\mongoose\\lib\\query.js:4447:11\n    at C:\\Users\\Александр\\Desktop\\Node\\GroupDrawing\\node_modules\\kareem\\index.js:136:16\n    at processTicksAndRejections (internal/process/task_queues.js:75:11)","stack":"TypeError: Cannot read property 'members' of undefined\n    at C:\\Users\\Александр\\Desktop\\Node\\GroupDrawing\\src\\routes\\drawings.js:45:53\n    at C:\\Users\\Александр\\Desktop\\Node\\GroupDrawing\\node_modules\\mongoose\\lib\\model.js:4875:16\n    at C:\\Users\\Александр\\Desktop\\Node\\GroupDrawing\\node_modules\\mongoose\\lib\\helpers\\promiseOrCallback.js:24:16\n    at C:\\Users\\Александр\\Desktop\\Node\\GroupDrawing\\node_modules\\mongoose\\lib\\model.js:4898:21\n    at C:\\Users\\Александр\\Desktop\\Node\\GroupDrawing\\node_modules\\mongoose\\lib\\query.js:4447:11\n    at C:\\Users\\Александр\\Desktop\\Node\\GroupDrawing\\node_modules\\kareem\\index.js:136:16\n    at processTicksAndRejections (internal/process/task_queues.js:75:11)","exception":true,"date":"Fri May 28 2021 22:47:57 GMT+0300 (Восточная Европа, летнее время)","process":{"pid":15676,"uid":null,"gid":null,"cwd":"C:\\Users\\Александр\\Desktop\\Node\\GroupDrawing","execPath":"D:\\nodejs\\node.exe","version":"v14.15.4","argv":["D:\\nodejs\\node.exe","C:\\Users\\Александр\\Desktop\\Node\\GroupDrawing\\index.js"],"memoryUsage":{"rss":73957376,"heapTotal":58630144,"heapUsed":26585296,"external":19929230,"arrayBuffers":18335137}},"os":{"loadavg":[0,0,0],"uptime":372560},"trace":[{"column":53,"file":"C:\\Users\\Александр\\Desktop\\Node\\GroupDrawing\\src\\routes\\drawings.js","function":null,"line":45,"method":null,"native":false},{"column":16,"file":"C:\\Users\\Александр\\Desktop\\Node\\GroupDrawing\\node_modules\\mongoose\\lib\\model.js","function":null,"line":4875,"method":null,"native":false},{"column":16,"file":"C:\\Users\\Александр\\Desktop\\Node\\GroupDrawing\\node_modules\\mongoose\\lib\\helpers\\promiseOrCallback.js","function":null,"line":24,"method":null,"native":false},{"column":21,"file":"C:\\Users\\Александр\\Desktop\\Node\\GroupDrawing\\node_modules\\mongoose\\lib\\model.js","function":null,"line":4898,"method":null,"native":false},{"column":11,"file":"C:\\Users\\Александр\\Desktop\\Node\\GroupDrawing\\node_modules\\mongoose\\lib\\query.js","function":null,"line":4447,"method":null,"native":false},{"column":16,"file":"C:\\Users\\Александр\\Desktop\\Node\\GroupDrawing\\node_modules\\kareem\\index.js","function":null,"line":136,"method":null,"native":false},{"column":11,"file":"internal/process/task_queues.js","function":"processTicksAndRejections","line":75,"method":null,"native":false}]}
{"error":{},"level":"error","message":"uncaughtException: cb must be a function\nError: cb must be a function\n    at Jimp.throwError (C:\\Users\\Александр\\Desktop\\Node\\GroupDrawing\\node_modules\\@jimp\\utils\\dist\\index.js:33:13)\n    at Jimp.getBuffer (C:\\Users\\Александр\\Desktop\\Node\\GroupDrawing\\node_modules\\@jimp\\core\\dist\\utils\\image-bitmap.js:237:30)\n    at Jimp.<anonymous> (C:\\Users\\Александр\\Desktop\\Node\\GroupDrawing\\src\\scripts\\imgGenerator.js:18:34)\n    at Timeout._onTimeout (C:\\Users\\Александр\\Desktop\\Node\\GroupDrawing\\node_modules\\@jimp\\core\\dist\\index.js:264:25)\n    at listOnTimeout (internal/timers.js:554:17)\n    at processTimers (internal/timers.js:497:7)","stack":"Error: cb must be a function\n    at Jimp.throwError (C:\\Users\\Александр\\Desktop\\Node\\GroupDrawing\\node_modules\\@jimp\\utils\\dist\\index.js:33:13)\n    at Jimp.getBuffer (C:\\Users\\Александр\\Desktop\\Node\\GroupDrawing\\node_modules\\@jimp\\core\\dist\\utils\\image-bitmap.js:237:30)\n    at Jimp.<anonymous> (C:\\Users\\Александр\\Desktop\\Node\\GroupDrawing\\src\\scripts\\imgGenerator.js:18:34)\n    at Timeout._onTimeout (C:\\Users\\Александр\\Desktop\\Node\\GroupDrawing\\node_modules\\@jimp\\core\\dist\\index.js:264:25)\n    at listOnTimeout (internal/timers.js:554:17)\n    at processTimers (internal/timers.js:497:7)","exception":true,"date":"Fri May 28 2021 23:02:24 GMT+0300 (Восточная Европа, летнее время)","process":{"pid":18776,"uid":null,"gid":null,"cwd":"C:\\Users\\Александр\\Desktop\\Node\\GroupDrawing","execPath":"D:\\nodejs\\node.exe","version":"v14.15.4","argv":["D:\\nodejs\\node.exe","C:\\Users\\Александр\\Desktop\\Node\\GroupDrawing\\index.js"],"memoryUsage":{"rss":74395648,"heapTotal":52961280,"heapUsed":37079208,"external":21886642,"arrayBuffers":20295088}},"os":{"loadavg":[0,0,0],"uptime":373428},"trace":[{"column":13,"file":"C:\\Users\\Александр\\Desktop\\Node\\GroupDrawing\\node_modules\\@jimp\\utils\\dist\\index.js","function":"Jimp.throwError","line":33,"method":"throwError","native":false},{"column":30,"file":"C:\\Users\\Александр\\Desktop\\Node\\GroupDrawing\\node_modules\\@jimp\\core\\dist\\utils\\image-bitmap.js","function":"Jimp.getBuffer","line":237,"method":"getBuffer","native":false},{"column":34,"file":"C:\\Users\\Александр\\Desktop\\Node\\GroupDrawing\\src\\scripts\\imgGenerator.js","function":null,"line":18,"method":null,"native":false},{"column":25,"file":"C:\\Users\\Александр\\Desktop\\Node\\GroupDrawing\\node_modules\\@jimp\\core\\dist\\index.js","function":"Timeout._onTimeout","line":264,"method":"_onTimeout","native":false},{"column":17,"file":"internal/timers.js","function":"listOnTimeout","line":554,"method":null,"native":false},{"column":7,"file":"internal/timers.js","function":"processTimers","line":497,"method":null,"native":false}]}
{"error":{},"level":"error","message":"uncaughtException: hbs is not defined\nReferenceError: hbs is not defined\n    at Object.<anonymous> (C:\\Users\\Александр\\Desktop\\Node\\GroupDrawing\\src\\scripts\\helpers.js:1:1)\n    at Module._compile (internal/modules/cjs/loader.js:1063:30)\n    at Object.Module._extensions..js (internal/modules/cjs/loader.js:1092:10)\n    at Module.load (internal/modules/cjs/loader.js:928:32)\n    at Function.Module._load (internal/modules/cjs/loader.js:769:14)\n    at Module.require (internal/modules/cjs/loader.js:952:19)\n    at require (internal/modules/cjs/helpers.js:88:18)\n    at Object.<anonymous> (C:\\Users\\Александр\\Desktop\\Node\\GroupDrawing\\index.js:25:1)\n    at Module._compile (internal/modules/cjs/loader.js:1063:30)\n    at Object.Module._extensions..js (internal/modules/cjs/loader.js:1092:10)\n    at Module.load (internal/modules/cjs/loader.js:928:32)\n    at Function.Module._load (internal/modules/cjs/loader.js:769:14)\n    at Function.executeUserEntryPoint [as runMain] (internal/modules/run_main.js:72:12)\n    at internal/main/run_main_module.js:17:47","stack":"ReferenceError: hbs is not defined\n    at Object.<anonymous> (C:\\Users\\Александр\\Desktop\\Node\\GroupDrawing\\src\\scripts\\helpers.js:1:1)\n    at Module._compile (internal/modules/cjs/loader.js:1063:30)\n    at Object.Module._extensions..js (internal/modules/cjs/loader.js:1092:10)\n    at Module.load (internal/modules/cjs/loader.js:928:32)\n    at Function.Module._load (internal/modules/cjs/loader.js:769:14)\n    at Module.require (internal/modules/cjs/loader.js:952:19)\n    at require (internal/modules/cjs/helpers.js:88:18)\n    at Object.<anonymous> (C:\\Users\\Александр\\Desktop\\Node\\GroupDrawing\\index.js:25:1)\n    at Module._compile (internal/modules/cjs/loader.js:1063:30)\n    at Object.Module._extensions..js (internal/modules/cjs/loader.js:1092:10)\n    at Module.load (internal/modules/cjs/loader.js:928:32)\n    at Function.Module._load (internal/modules/cjs/loader.js:769:14)\n    at Function.executeUserEntryPoint [as runMain] (internal/modules/run_main.js:72:12)\n    at internal/main/run_main_module.js:17:47","exception":true,"date":"Fri May 28 2021 23:26:02 GMT+0300 (Восточная Европа, летнее время)","process":{"pid":9336,"uid":null,"gid":null,"cwd":"C:\\Users\\Александр\\Desktop\\Node\\GroupDrawing","execPath":"D:\\nodejs\\node.exe","version":"v14.15.4","argv":["D:\\nodejs\\node.exe","C:\\Users\\Александр\\Desktop\\Node\\GroupDrawing\\index.js"],"memoryUsage":{"rss":76701696,"heapTotal":57847808,"heapUsed":26948640,"external":19905480,"arrayBuffers":18333432}},"os":{"loadavg":[0,0,0],"uptime":374846},"trace":[{"column":1,"file":"C:\\Users\\Александр\\Desktop\\Node\\GroupDrawing\\src\\scripts\\helpers.js","function":null,"line":1,"method":null,"native":false},{"column":30,"file":"internal/modules/cjs/loader.js","function":"Module._compile","line":1063,"method":"_compile","native":false},{"column":10,"file":"internal/modules/cjs/loader.js","function":"Module._extensions..js","line":1092,"method":".js","native":false},{"column":32,"file":"internal/modules/cjs/loader.js","function":"Module.load","line":928,"method":"load","native":false},{"column":14,"file":"internal/modules/cjs/loader.js","function":"Module._load","line":769,"method":"_load","native":false},{"column":19,"file":"internal/modules/cjs/loader.js","function":"Module.require","line":952,"method":"require","native":false},{"column":18,"file":"internal/modules/cjs/helpers.js","function":"require","line":88,"method":null,"native":false},{"column":1,"file":"C:\\Users\\Александр\\Desktop\\Node\\GroupDrawing\\index.js","function":null,"line":25,"method":null,"native":false},{"column":30,"file":"internal/modules/cjs/loader.js","function":"Module._compile","line":1063,"method":"_compile","native":false},{"column":10,"file":"internal/modules/cjs/loader.js","function":"Module._extensions..js","line":1092,"method":".js","native":false},{"column":32,"file":"internal/modules/cjs/loader.js","function":"Module.load","line":928,"method":"load","native":false},{"column":14,"file":"internal/modules/cjs/loader.js","function":"Module._load","line":769,"method":"_load","native":false},{"column":12,"file":"internal/modules/run_main.js","function":"Function.executeUserEntryPoint [as runMain]","line":72,"method":"executeUserEntryPoint [as runMain]","native":false},{"column":47,"file":"internal/main/run_main_module.js","function":null,"line":17,"method":null,"native":false}]}
